2013-07-02 12:06:30.941 [info] <0.6.0> Application lager started on node nonode@nohost
2013-07-02 12:06:30.961 [info] <0.6.0> Application crypto started on node nonode@nohost
2013-07-02 12:06:30.968 [info] <0.6.0> Application amqp_client started on node nonode@nohost
2013-07-02 12:06:30.970 [info] <0.6.0> Application rabbit_common started on node nonode@nohost
2013-07-02 12:06:30.984 [info] <0.6.0> Application gen_server2 started on node nonode@nohost
2013-07-02 12:06:36.033 [info] <0.6.0> Application rabbit_farms started on node nonode@nohost
2013-07-02 12:06:36.137 [info]  
2013-07-02 12:06:36.139 [info]  FORMAT ERROR: [{'queue.declare_ok',<<"chat">>,0,0}] []
2013-07-02 12:06:36.142 [info]  FORMAT ERROR: [{'queue.bind_ok'}] []
2013-07-02 12:06:36.147 [info]  
2013-07-02 12:06:36.149 [info]  FORMAT ERROR: [{'queue.declare_ok',<<"chat">>,0,0}] []
2013-07-02 12:06:36.151 [info]  FORMAT ERROR: [{'queue.bind_ok'}] []
2013-07-02 12:06:36.156 [info]  
2013-07-02 12:06:36.163 [info]  FORMAT ERROR: [{'queue.declare_ok',<<"chat">>,0,0}] []
2013-07-02 12:06:36.166 [info]  FORMAT ERROR: [{'queue.bind_ok'}] []
2013-07-02 12:06:36.173 [info]  
2013-07-02 12:06:36.175 [info]  FORMAT ERROR: [{'queue.declare_ok',<<"chat">>,0,0}] []
2013-07-02 12:06:36.177 [info]  FORMAT ERROR: [{'queue.bind_ok'}] []
2013-07-02 12:06:36.188 [info]  
2013-07-02 12:06:36.190 [info]  FORMAT ERROR: [{'queue.declare_ok',<<"chat">>,0,0}] []
2013-07-02 12:06:36.193 [info]  FORMAT ERROR: [{'queue.bind_ok'}] []
2013-07-02 12:06:36.194 [info]  FORMAT ERROR: [{rabbit_farm,default,{amqp_params_network,<<"guest">>,<<"V2pOV2JHTXpVVDA9">>,<<"/">>,"192.168.3.202",5672,0,0,0,infinity,none,[#Fun<amqp_auth_mechanisms.plain.3>,#Fun<amqp_auth_mechanisms.amqplain.3>],[],[]},[{rabbit_feeder,5,5,<<>>,{'exchange.declare',0,<<"tracking.logs">>,<<"topic">>,false,false,false,false,false,[]},{'queue.declare',0,<<"chat">>,false,false,false,false,false,[]},{'queue.bind',0,<<"chat">>,<<"tracking.logs">>,<<"spark.chat">>,false,[]},<<>>,[]}],actived,<0.94.0>,[{1,<0.107.0>},{2,<0.111.0>},{3,<0.115.0>},{4,<0.119.0>},{5,<0.123.0>}]}] []
2013-07-02 12:20:48.839 [error] <0.247.0> gen_server <0.247.0> terminated with reason: no function clause matching amqp_channel:build_content(<0.31.0>) line 802
2013-07-02 12:20:48.840 [error] <0.247.0> CRASH REPORT Process <0.247.0> with 0 neighbours exited with reason: no function clause matching amqp_channel:build_content(<0.31.0>) line 802 in gen_server:terminate/6 line 747
2013-07-02 12:20:48.844 [error] <0.245.0> Supervisor {<0.245.0>,amqp_channel_sup} had child channel started with amqp_channel:start_link(network, <0.236.0>, 1, <0.246.0>, #Fun<amqp_channel_sup.1.46960472>) at <0.247.0> exit with reason no function clause matching amqp_channel:build_content(<0.31.0>) line 802 in context child_terminated
2013-07-02 12:20:48.846 [error] <0.245.0> Supervisor {<0.245.0>,amqp_channel_sup} had child channel started with amqp_channel:start_link(network, <0.236.0>, 1, <0.246.0>, #Fun<amqp_channel_sup.1.46960472>) at <0.247.0> exit with reason reached_max_restart_intensity in context shutdown
2013-07-02 12:20:48.849 [error] <0.236.0> Connection (<0.236.0>) closing: internal error in channel (<0.247.0>): {function_clause,[{amqp_channel,build_content,[<0.31.0>],[{file,"src/amqp_channel.erl"},{line,802}]},{amqp_channel,handle_method_to_server,6,[{file,"src/amqp_channel.erl"},{line,536}]},{gen_server,handle_msg,5,[{file,"gen_server.erl"},{line,588}]},{proc_lib,init_p_do_apply,3,[{file,"proc_lib.erl"},{line,227}]}]}

2013-07-02 13:37:23.620 [error] <0.94.0> gen_server <0.94.0> terminated with reason: no function clause matching amqp_network_connection:handle_message({'EXIT',<0.104.0>,killed}, {state,#Port<0.3625>,600,<0.100.0>,131072,undefined,false}) line 58
2013-07-02 13:37:23.622 [error] <0.94.0> CRASH REPORT Process <0.94.0> with 0 neighbours exited with reason: no function clause matching amqp_network_connection:handle_message({'EXIT',<0.104.0>,killed}, {state,#Port<0.3625>,600,<0.100.0>,131072,undefined,false}) line 58 in gen_server:terminate/6 line 747
2013-07-02 13:37:23.622 [info] <0.6.0> Application rabbit_farms exited with reason: stopped
2013-07-02 13:37:23.626 [error] <0.93.0> Supervisor {<0.93.0>,amqp_connection_sup} had child connection started with amqp_gen_connection:start_link(amqp_network_connection, {amqp_params_network,<<"guest">>,<<"guest">>,<<"/">>,"192.168.3.202",5672,0,0,0,infinity,none,[#Fun<..>,...],...}, #Fun<amqp_connection_sup.0.55585968>, #Fun<amqp_connection_sup.2.55585968>, []) at <0.94.0> exit with reason no function clause matching amqp_network_connection:handle_message({'EXIT',<0.104.0>,killed}, {state,#Port<0.3625>,600,<0.100.0>,131072,undefined,false}) line 58 in context child_terminated
2013-07-02 13:37:23.628 [error] <0.93.0> Supervisor {<0.93.0>,amqp_connection_sup} had child connection started with amqp_gen_connection:start_link(amqp_network_connection, {amqp_params_network,<<"guest">>,<<"guest">>,<<"/">>,"192.168.3.202",5672,0,0,0,infinity,none,[#Fun<..>,...],...}, #Fun<amqp_connection_sup.0.55585968>, #Fun<amqp_connection_sup.2.55585968>, []) at <0.94.0> exit with reason reached_max_restart_intensity in context shutdown
2013-07-02 13:37:59.110 [info] <0.6.0> Application rabbit_farms started on node nonode@nohost
2013-07-02 13:37:59.128 [info]  
2013-07-02 13:37:59.130 [info]  FORMAT ERROR: [{'queue.declare_ok',<<"chat">>,0,3}] []
2013-07-02 13:37:59.132 [info]  FORMAT ERROR: [{'queue.bind_ok'}] []
2013-07-02 13:37:59.144 [info]  
2013-07-02 13:37:59.146 [info]  FORMAT ERROR: [{'queue.declare_ok',<<"chat">>,0,3}] []
2013-07-02 13:37:59.149 [info]  FORMAT ERROR: [{'queue.bind_ok'}] []
2013-07-02 13:37:59.155 [info]  
2013-07-02 13:37:59.156 [info]  FORMAT ERROR: [{'queue.declare_ok',<<"chat">>,0,3}] []
2013-07-02 13:37:59.162 [info]  FORMAT ERROR: [{'queue.bind_ok'}] []
2013-07-02 13:37:59.172 [info]  
2013-07-02 13:37:59.174 [info]  FORMAT ERROR: [{'queue.declare_ok',<<"chat">>,0,3}] []
2013-07-02 13:37:59.176 [info]  FORMAT ERROR: [{'queue.bind_ok'}] []
2013-07-02 13:37:59.184 [info]  
2013-07-02 13:37:59.190 [info]  FORMAT ERROR: [{'queue.declare_ok',<<"chat">>,0,3}] []
2013-07-02 13:37:59.195 [info]  FORMAT ERROR: [{'queue.bind_ok'}] []
2013-07-02 13:37:59.195 [info]  FORMAT ERROR: [{rabbit_farm,default,{amqp_params_network,<<"guest">>,<<"V2pOV2JHTXpVVDA9">>,<<"/">>,"192.168.3.202",5672,0,0,0,infinity,none,[#Fun<amqp_auth_mechanisms.plain.3>,#Fun<amqp_auth_mechanisms.amqplain.3>],[],[]},[{rabbit_feeder,5,5,<<>>,{'exchange.declare',0,<<"tracking.logs">>,<<"topic">>,false,false,false,false,false,[]},{'queue.declare',0,<<"chat">>,false,false,false,false,false,[]},{'queue.bind',0,<<"chat">>,<<"tracking.logs">>,<<"spark.chat">>,false,[]},<<>>,[]}],actived,<0.383.0>,[{1,<0.394.0>},{2,<0.398.0>},{3,<0.402.0>},{4,<0.406.0>},{5,<0.410.0>}]}] []
2013-07-02 13:38:06.187 [error] <0.383.0> gen_server <0.383.0> terminated with reason: no function clause matching amqp_network_connection:handle_message({'EXIT',<0.391.0>,killed}, {state,#Port<0.3980>,600,<0.387.0>,131072,undefined,false}) line 58
2013-07-02 13:38:06.188 [error] <0.383.0> CRASH REPORT Process <0.383.0> with 0 neighbours exited with reason: no function clause matching amqp_network_connection:handle_message({'EXIT',<0.391.0>,killed}, {state,#Port<0.3980>,600,<0.387.0>,131072,undefined,false}) line 58 in gen_server:terminate/6 line 747
2013-07-02 13:38:06.190 [info] <0.6.0> Application rabbit_farms exited with reason: stopped
2013-07-02 13:38:06.194 [error] <0.382.0> Supervisor {<0.382.0>,amqp_connection_sup} had child connection started with amqp_gen_connection:start_link(amqp_network_connection, {amqp_params_network,<<"guest">>,<<"guest">>,<<"/">>,"192.168.3.202",5672,0,0,0,infinity,none,[#Fun<..>,...],...}, #Fun<amqp_connection_sup.0.55585968>, #Fun<amqp_connection_sup.2.55585968>, []) at <0.383.0> exit with reason no function clause matching amqp_network_connection:handle_message({'EXIT',<0.391.0>,killed}, {state,#Port<0.3980>,600,<0.387.0>,131072,undefined,false}) line 58 in context child_terminated
2013-07-02 13:38:06.197 [error] <0.382.0> Supervisor {<0.382.0>,amqp_connection_sup} had child connection started with amqp_gen_connection:start_link(amqp_network_connection, {amqp_params_network,<<"guest">>,<<"guest">>,<<"/">>,"192.168.3.202",5672,0,0,0,infinity,none,[#Fun<..>,...],...}, #Fun<amqp_connection_sup.0.55585968>, #Fun<amqp_connection_sup.2.55585968>, []) at <0.383.0> exit with reason reached_max_restart_intensity in context shutdown
2013-07-02 14:39:42.641 [info] <0.6.0> Application rabbit_farms started on node nonode@nohost
2013-07-02 14:39:42.663 [info]  
2013-07-02 14:39:42.670 [info]  FORMAT ERROR: [{'queue.declare_ok',<<"chat">>,0,3}] []
2013-07-02 14:39:42.676 [info]  FORMAT ERROR: [{'queue.bind_ok'}] []
2013-07-02 14:39:42.683 [info]  
2013-07-02 14:39:42.685 [info]  FORMAT ERROR: [{'queue.declare_ok',<<"chat">>,0,3}] []
2013-07-02 14:39:42.688 [info]  FORMAT ERROR: [{'queue.bind_ok'}] []
2013-07-02 14:39:42.698 [info]  
2013-07-02 14:39:42.700 [info]  FORMAT ERROR: [{'queue.declare_ok',<<"chat">>,0,3}] []
2013-07-02 14:39:42.703 [info]  FORMAT ERROR: [{'queue.bind_ok'}] []
2013-07-02 14:39:42.709 [info]  
2013-07-02 14:39:42.711 [info]  FORMAT ERROR: [{'queue.declare_ok',<<"chat">>,0,3}] []
2013-07-02 14:39:42.714 [info]  FORMAT ERROR: [{'queue.bind_ok'}] []
2013-07-02 14:39:42.727 [info]  
2013-07-02 14:39:42.729 [info]  FORMAT ERROR: [{'queue.declare_ok',<<"chat">>,0,3}] []
2013-07-02 14:39:42.731 [info]  FORMAT ERROR: [{'queue.bind_ok'}] []
2013-07-02 14:39:42.732 [info]  FORMAT ERROR: [{rabbit_farm,default,{amqp_params_network,<<"guest">>,<<"V2pOV2JHTXpVVDA9">>,<<"/">>,"192.168.3.202",5672,0,0,0,infinity,none,[#Fun<amqp_auth_mechanisms.plain.3>,#Fun<amqp_auth_mechanisms.amqplain.3>],[],[]},[{rabbit_feeder,5,5,<<>>,{'exchange.declare',0,<<"tracking.logs">>,<<"topic">>,false,false,false,false,false,[]},{'queue.declare',0,<<"chat">>,false,false,false,false,false,[]},{'queue.bind',0,<<"chat">>,<<"tracking.logs">>,<<"spark.chat">>,false,[]},<<>>,[]}],actived,<0.423.0>,[{1,<0.434.0>},{2,<0.438.0>},{3,<0.442.0>},{4,<0.446.0>},{5,<0.450.0>}]}] []
2013-07-02 14:39:45.642 [error] <0.423.0> gen_server <0.423.0> terminated with reason: no function clause matching amqp_network_connection:handle_message({'EXIT',<0.431.0>,killed}, {state,#Port<0.3981>,600,<0.427.0>,131072,undefined,false}) line 58
2013-07-02 14:39:45.644 [error] <0.423.0> CRASH REPORT Process <0.423.0> with 0 neighbours exited with reason: no function clause matching amqp_network_connection:handle_message({'EXIT',<0.431.0>,killed}, {state,#Port<0.3981>,600,<0.427.0>,131072,undefined,false}) line 58 in gen_server:terminate/6 line 747
2013-07-02 14:39:45.644 [info] <0.6.0> Application rabbit_farms exited with reason: stopped
2013-07-02 14:39:45.650 [error] <0.422.0> Supervisor {<0.422.0>,amqp_connection_sup} had child connection started with amqp_gen_connection:start_link(amqp_network_connection, {amqp_params_network,<<"guest">>,<<"guest">>,<<"/">>,"192.168.3.202",5672,0,0,0,infinity,none,[#Fun<..>,...],...}, #Fun<amqp_connection_sup.0.55585968>, #Fun<amqp_connection_sup.2.55585968>, []) at <0.423.0> exit with reason no function clause matching amqp_network_connection:handle_message({'EXIT',<0.431.0>,killed}, {state,#Port<0.3981>,600,<0.427.0>,131072,undefined,false}) line 58 in context child_terminated
2013-07-02 14:39:45.653 [error] <0.422.0> Supervisor {<0.422.0>,amqp_connection_sup} had child connection started with amqp_gen_connection:start_link(amqp_network_connection, {amqp_params_network,<<"guest">>,<<"guest">>,<<"/">>,"192.168.3.202",5672,0,0,0,infinity,none,[#Fun<..>,...],...}, #Fun<amqp_connection_sup.0.55585968>, #Fun<amqp_connection_sup.2.55585968>, []) at <0.423.0> exit with reason reached_max_restart_intensity in context shutdown
2013-07-02 14:40:26.033 [info] <0.6.0> Application rabbit_farms started on node nonode@nohost
2013-07-02 14:40:26.051 [info]  
2013-07-02 14:40:26.053 [info]  FORMAT ERROR: [{'queue.declare_ok',<<"chat">>,0,3}] []
2013-07-02 14:40:26.056 [info]  FORMAT ERROR: [{'queue.bind_ok'}] []
2013-07-02 14:40:26.066 [info]  
2013-07-02 14:40:26.068 [info]  FORMAT ERROR: [{'queue.declare_ok',<<"chat">>,0,3}] []
2013-07-02 14:40:26.070 [info]  FORMAT ERROR: [{'queue.bind_ok'}] []
2013-07-02 14:40:26.077 [info]  
2013-07-02 14:40:26.079 [info]  FORMAT ERROR: [{'queue.declare_ok',<<"chat">>,0,3}] []
2013-07-02 14:40:26.081 [info]  FORMAT ERROR: [{'queue.bind_ok'}] []
2013-07-02 14:40:26.091 [info]  
2013-07-02 14:40:26.094 [info]  FORMAT ERROR: [{'queue.declare_ok',<<"chat">>,0,3}] []
2013-07-02 14:40:26.097 [info]  FORMAT ERROR: [{'queue.bind_ok'}] []
2013-07-02 14:40:26.102 [info]  
2013-07-02 14:40:26.103 [info]  FORMAT ERROR: [{'queue.declare_ok',<<"chat">>,0,3}] []
2013-07-02 14:40:26.106 [info]  FORMAT ERROR: [{'queue.bind_ok'}] []
2013-07-02 14:40:26.107 [info]  FORMAT ERROR: [{rabbit_farm,default,{amqp_params_network,<<"guest">>,<<"V2pOV2JHTXpVVDA9">>,<<"/">>,"192.168.3.202",5672,0,0,0,infinity,none,[#Fun<amqp_auth_mechanisms.plain.3>,#Fun<amqp_auth_mechanisms.amqplain.3>],[],[]},[{rabbit_feeder,5,5,<<>>,{'exchange.declare',0,<<"tracking.logs">>,<<"topic">>,false,false,false,false,false,[]},{'queue.declare',0,<<"chat">>,false,false,false,false,false,[]},{'queue.bind',0,<<"chat">>,<<"tracking.logs">>,<<"spark.chat">>,false,[]},<<>>,[]}],actived,<0.466.0>,[{1,<0.477.0>},{2,<0.481.0>},{3,<0.485.0>},{4,<0.489.0>},{5,<0.493.0>}]}] []
2013-07-02 14:40:31.923 [error] <0.466.0> gen_server <0.466.0> terminated with reason: no function clause matching amqp_network_connection:handle_message({'EXIT',<0.474.0>,killed}, {state,#Port<0.4118>,600,<0.470.0>,131072,undefined,false}) line 58
2013-07-02 14:40:31.924 [error] <0.466.0> CRASH REPORT Process <0.466.0> with 0 neighbours exited with reason: no function clause matching amqp_network_connection:handle_message({'EXIT',<0.474.0>,killed}, {state,#Port<0.4118>,600,<0.470.0>,131072,undefined,false}) line 58 in gen_server:terminate/6 line 747
2013-07-02 14:40:31.925 [info] <0.6.0> Application rabbit_farms exited with reason: stopped
2013-07-02 14:40:31.929 [error] <0.465.0> Supervisor {<0.465.0>,amqp_connection_sup} had child connection started with amqp_gen_connection:start_link(amqp_network_connection, {amqp_params_network,<<"guest">>,<<"guest">>,<<"/">>,"192.168.3.202",5672,0,0,0,infinity,none,[#Fun<..>,...],...}, #Fun<amqp_connection_sup.0.55585968>, #Fun<amqp_connection_sup.2.55585968>, []) at <0.466.0> exit with reason no function clause matching amqp_network_connection:handle_message({'EXIT',<0.474.0>,killed}, {state,#Port<0.4118>,600,<0.470.0>,131072,undefined,false}) line 58 in context child_terminated
2013-07-02 14:40:31.932 [error] <0.465.0> Supervisor {<0.465.0>,amqp_connection_sup} had child connection started with amqp_gen_connection:start_link(amqp_network_connection, {amqp_params_network,<<"guest">>,<<"guest">>,<<"/">>,"192.168.3.202",5672,0,0,0,infinity,none,[#Fun<..>,...],...}, #Fun<amqp_connection_sup.0.55585968>, #Fun<amqp_connection_sup.2.55585968>, []) at <0.466.0> exit with reason reached_max_restart_intensity in context shutdown
2013-07-02 14:52:51.215 [info] <0.6.0> Application rabbit_farms started on node nonode@nohost
2013-07-02 14:52:51.237 [info]  
2013-07-02 14:52:51.248 [info]  FORMAT ERROR: [{'queue.declare_ok',<<"chat">>,0,3}] []
2013-07-02 14:52:51.250 [info]  FORMAT ERROR: [{'queue.bind_ok'}] []
2013-07-02 14:52:51.255 [info]  
2013-07-02 14:52:51.257 [info]  FORMAT ERROR: [{'queue.declare_ok',<<"chat">>,0,3}] []
2013-07-02 14:52:51.260 [info]  FORMAT ERROR: [{'queue.bind_ok'}] []
2013-07-02 14:52:51.272 [info]  
2013-07-02 14:52:51.275 [info]  FORMAT ERROR: [{'queue.declare_ok',<<"chat">>,0,3}] []
2013-07-02 14:52:51.277 [info]  FORMAT ERROR: [{'queue.bind_ok'}] []
2013-07-02 14:52:51.284 [info]  
2013-07-02 14:52:51.285 [info]  FORMAT ERROR: [{'queue.declare_ok',<<"chat">>,0,3}] []
2013-07-02 14:52:51.294 [info]  FORMAT ERROR: [{'queue.bind_ok'}] []
2013-07-02 14:52:51.299 [info]  
2013-07-02 14:52:51.301 [info]  FORMAT ERROR: [{'queue.declare_ok',<<"chat">>,0,3}] []
2013-07-02 14:52:51.304 [info]  FORMAT ERROR: [{'queue.bind_ok'}] []
2013-07-02 14:52:51.305 [info]  FORMAT ERROR: [{rabbit_farm,default,{amqp_params_network,<<"guest">>,<<"V2pOV2JHTXpVVDA9">>,<<"/">>,"192.168.3.202",5672,0,0,0,infinity,none,[#Fun<amqp_auth_mechanisms.plain.3>,#Fun<amqp_auth_mechanisms.amqplain.3>],[],[]},[{rabbit_feeder,5,5,<<>>,{'exchange.declare',0,<<"tracking.logs">>,<<"topic">>,false,false,false,false,false,[]},{'queue.declare',0,<<"chat">>,false,false,false,false,false,[]},{'queue.bind',0,<<"chat">>,<<"tracking.logs">>,<<"spark.chat">>,false,[]},<<>>,[]}],actived,<0.508.0>,[{1,<0.519.0>},{2,<0.523.0>},{3,<0.527.0>},{4,<0.531.0>},{5,<0.535.0>}]}] []
2013-07-02 14:52:56.416 [error] <0.508.0> gen_server <0.508.0> terminated with reason: no function clause matching amqp_network_connection:handle_message({'EXIT',<0.516.0>,killed}, {state,#Port<0.4188>,600,<0.512.0>,131072,undefined,false}) line 58
2013-07-02 14:52:56.417 [error] <0.508.0> CRASH REPORT Process <0.508.0> with 0 neighbours exited with reason: no function clause matching amqp_network_connection:handle_message({'EXIT',<0.516.0>,killed}, {state,#Port<0.4188>,600,<0.512.0>,131072,undefined,false}) line 58 in gen_server:terminate/6 line 747
2013-07-02 14:52:56.417 [info] <0.6.0> Application rabbit_farms exited with reason: stopped
2013-07-02 14:52:56.422 [error] <0.507.0> Supervisor {<0.507.0>,amqp_connection_sup} had child connection started with amqp_gen_connection:start_link(amqp_network_connection, {amqp_params_network,<<"guest">>,<<"guest">>,<<"/">>,"192.168.3.202",5672,0,0,0,infinity,none,[#Fun<..>,...],...}, #Fun<amqp_connection_sup.0.55585968>, #Fun<amqp_connection_sup.2.55585968>, []) at <0.508.0> exit with reason no function clause matching amqp_network_connection:handle_message({'EXIT',<0.516.0>,killed}, {state,#Port<0.4188>,600,<0.512.0>,131072,undefined,false}) line 58 in context child_terminated
2013-07-02 14:52:56.425 [error] <0.507.0> Supervisor {<0.507.0>,amqp_connection_sup} had child connection started with amqp_gen_connection:start_link(amqp_network_connection, {amqp_params_network,<<"guest">>,<<"guest">>,<<"/">>,"192.168.3.202",5672,0,0,0,infinity,none,[#Fun<..>,...],...}, #Fun<amqp_connection_sup.0.55585968>, #Fun<amqp_connection_sup.2.55585968>, []) at <0.508.0> exit with reason reached_max_restart_intensity in context shutdown
2013-07-02 14:54:44.090 [info] <0.6.0> Application lager started on node nonode@nohost
2013-07-02 14:54:44.114 [info] <0.6.0> Application crypto started on node nonode@nohost
2013-07-02 14:54:44.122 [info] <0.6.0> Application amqp_client started on node nonode@nohost
2013-07-02 14:54:44.128 [info] <0.6.0> Application rabbit_common started on node nonode@nohost
2013-07-02 14:54:44.137 [info] <0.6.0> Application gen_server2 started on node nonode@nohost
2013-07-02 14:54:45.271 [info] <0.6.0> Application rabbit_farms started on node nonode@nohost
2013-07-02 14:54:45.367 [info]  
2013-07-02 14:54:45.369 [info]  FORMAT ERROR: [{'queue.declare_ok',<<"chat">>,12,0}] []
2013-07-02 14:54:45.372 [info]  FORMAT ERROR: [{'queue.bind_ok'}] []
2013-07-02 14:54:45.379 [info]  
2013-07-02 14:54:45.381 [info]  FORMAT ERROR: [{'queue.declare_ok',<<"chat">>,12,0}] []
2013-07-02 14:54:45.390 [info]  FORMAT ERROR: [{'queue.bind_ok'}] []
2013-07-02 14:54:45.397 [info]  
2013-07-02 14:54:45.398 [info]  FORMAT ERROR: [{'queue.declare_ok',<<"chat">>,12,0}] []
2013-07-02 14:54:45.402 [info]  FORMAT ERROR: [{'queue.bind_ok'}] []
2013-07-02 14:54:45.415 [info]  
2013-07-02 14:54:45.417 [info]  FORMAT ERROR: [{'queue.declare_ok',<<"chat">>,12,0}] []
2013-07-02 14:54:45.420 [info]  FORMAT ERROR: [{'queue.bind_ok'}] []
2013-07-02 14:54:45.426 [info]  
2013-07-02 14:54:45.429 [info]  FORMAT ERROR: [{'queue.declare_ok',<<"chat">>,12,0}] []
2013-07-02 14:54:45.440 [info]  FORMAT ERROR: [{'queue.bind_ok'}] []
2013-07-02 14:54:45.441 [info]  FORMAT ERROR: [{rabbit_farm,default,{amqp_params_network,<<"guest">>,<<"V2pOV2JHTXpVVDA9">>,<<"/">>,"192.168.3.202",5672,0,0,0,infinity,none,[#Fun<amqp_auth_mechanisms.plain.3>,#Fun<amqp_auth_mechanisms.amqplain.3>],[],[]},[{rabbit_feeder,5,5,<<>>,{'exchange.declare',0,<<"tracking.logs">>,<<"topic">>,false,false,false,false,false,[]},{'queue.declare',0,<<"chat">>,false,false,false,false,false,[]},{'queue.bind',0,<<"chat">>,<<"tracking.logs">>,<<"spark.chat">>,false,[]},<<>>,[]}],actived,<0.88.0>,[{1,<0.101.0>},{2,<0.105.0>},{3,<0.109.0>},{4,<0.113.0>},{5,<0.117.0>}]}] []
2013-07-02 14:54:52.256 [error] <0.88.0> gen_server <0.88.0> terminated with reason: no function clause matching amqp_network_connection:handle_message({'EXIT',<0.98.0>,killed}, {state,#Port<0.3601>,600,<0.94.0>,131072,undefined,false}) line 58
2013-07-02 14:54:52.258 [error] <0.88.0> CRASH REPORT Process <0.88.0> with 0 neighbours exited with reason: no function clause matching amqp_network_connection:handle_message({'EXIT',<0.98.0>,killed}, {state,#Port<0.3601>,600,<0.94.0>,131072,undefined,false}) line 58 in gen_server:terminate/6 line 747
2013-07-02 14:54:52.260 [info] <0.6.0> Application rabbit_farms exited with reason: stopped
2013-07-02 14:54:52.263 [error] <0.87.0> Supervisor {<0.87.0>,amqp_connection_sup} had child connection started with amqp_gen_connection:start_link(amqp_network_connection, {amqp_params_network,<<"guest">>,<<"guest">>,<<"/">>,"192.168.3.202",5672,0,0,0,infinity,none,[#Fun<..>,...],...}, #Fun<amqp_connection_sup.0.55585968>, #Fun<amqp_connection_sup.2.55585968>, []) at <0.88.0> exit with reason no function clause matching amqp_network_connection:handle_message({'EXIT',<0.98.0>,killed}, {state,#Port<0.3601>,600,<0.94.0>,131072,undefined,false}) line 58 in context child_terminated
2013-07-02 14:54:52.266 [error] <0.87.0> Supervisor {<0.87.0>,amqp_connection_sup} had child connection started with amqp_gen_connection:start_link(amqp_network_connection, {amqp_params_network,<<"guest">>,<<"guest">>,<<"/">>,"192.168.3.202",5672,0,0,0,infinity,none,[#Fun<..>,...],...}, #Fun<amqp_connection_sup.0.55585968>, #Fun<amqp_connection_sup.2.55585968>, []) at <0.88.0> exit with reason reached_max_restart_intensity in context shutdown
2013-07-02 15:11:24.487 [info] <0.6.0> Application rabbit_farms started on node nonode@nohost
2013-07-02 15:11:24.506 [info]  
2013-07-02 15:11:24.508 [info]  FORMAT ERROR: [{'queue.declare_ok',<<"chat">>,12,0}] []
2013-07-02 15:11:24.511 [info]  FORMAT ERROR: [{'queue.bind_ok'}] []
2013-07-02 15:11:24.520 [info]  
2013-07-02 15:11:24.521 [info]  FORMAT ERROR: [{'queue.declare_ok',<<"chat">>,12,0}] []
2013-07-02 15:11:24.524 [info]  FORMAT ERROR: [{'queue.bind_ok'}] []
2013-07-02 15:11:24.531 [info]  
2013-07-02 15:11:24.532 [info]  FORMAT ERROR: [{'queue.declare_ok',<<"chat">>,12,0}] []
2013-07-02 15:11:24.535 [info]  FORMAT ERROR: [{'queue.bind_ok'}] []
2013-07-02 15:11:24.546 [info]  
2013-07-02 15:11:24.548 [info]  FORMAT ERROR: [{'queue.declare_ok',<<"chat">>,12,0}] []
2013-07-02 15:11:24.551 [info]  FORMAT ERROR: [{'queue.bind_ok'}] []
2013-07-02 15:11:24.557 [info]  
2013-07-02 15:11:24.559 [info]  FORMAT ERROR: [{'queue.declare_ok',<<"chat">>,12,0}] []
2013-07-02 15:11:24.562 [info]  FORMAT ERROR: [{'queue.bind_ok'}] []
2013-07-02 15:11:24.563 [info]  FORMAT ERROR: [{rabbit_farm,default,{amqp_params_network,<<"guest">>,<<"V2pOV2JHTXpVVDA9">>,<<"/">>,"192.168.3.202",5672,0,0,0,infinity,none,[#Fun<amqp_auth_mechanisms.plain.3>,#Fun<amqp_auth_mechanisms.amqplain.3>],[],[]},[{rabbit_feeder,5,5,<<>>,{'exchange.declare',0,<<"tracking.logs">>,<<"topic">>,false,false,false,false,false,[]},{'queue.declare',0,<<"chat">>,false,false,false,false,false,[]},{'queue.bind',0,<<"chat">>,<<"tracking.logs">>,<<"spark.chat">>,false,[]},<<>>,[]}],actived,<0.133.0>,[{1,<0.144.0>},{2,<0.148.0>},{3,<0.152.0>},{4,<0.156.0>},{5,<0.160.0>}]}] []
2013-07-02 15:11:29.527 [error] <0.133.0> gen_server <0.133.0> terminated with reason: no function clause matching amqp_network_connection:handle_message({'EXIT',<0.141.0>,killed}, {state,#Port<0.3803>,600,<0.137.0>,131072,undefined,false}) line 58
2013-07-02 15:11:29.528 [error] <0.133.0> CRASH REPORT Process <0.133.0> with 0 neighbours exited with reason: no function clause matching amqp_network_connection:handle_message({'EXIT',<0.141.0>,killed}, {state,#Port<0.3803>,600,<0.137.0>,131072,undefined,false}) line 58 in gen_server:terminate/6 line 747
2013-07-02 15:11:29.529 [info] <0.6.0> Application rabbit_farms exited with reason: stopped
2013-07-02 15:11:29.533 [error] <0.132.0> Supervisor {<0.132.0>,amqp_connection_sup} had child connection started with amqp_gen_connection:start_link(amqp_network_connection, {amqp_params_network,<<"guest">>,<<"guest">>,<<"/">>,"192.168.3.202",5672,0,0,0,infinity,none,[#Fun<..>,...],...}, #Fun<amqp_connection_sup.0.55585968>, #Fun<amqp_connection_sup.2.55585968>, []) at <0.133.0> exit with reason no function clause matching amqp_network_connection:handle_message({'EXIT',<0.141.0>,killed}, {state,#Port<0.3803>,600,<0.137.0>,131072,undefined,false}) line 58 in context child_terminated
2013-07-02 15:11:29.537 [error] <0.132.0> Supervisor {<0.132.0>,amqp_connection_sup} had child connection started with amqp_gen_connection:start_link(amqp_network_connection, {amqp_params_network,<<"guest">>,<<"guest">>,<<"/">>,"192.168.3.202",5672,0,0,0,infinity,none,[#Fun<..>,...],...}, #Fun<amqp_connection_sup.0.55585968>, #Fun<amqp_connection_sup.2.55585968>, []) at <0.133.0> exit with reason reached_max_restart_intensity in context shutdown
2013-07-02 15:12:15.358 [info] <0.6.0> Application lager started on node nonode@nohost
2013-07-02 15:12:15.379 [info] <0.6.0> Application crypto started on node nonode@nohost
2013-07-02 15:12:15.385 [info] <0.6.0> Application amqp_client started on node nonode@nohost
2013-07-02 15:12:15.389 [info] <0.6.0> Application rabbit_common started on node nonode@nohost
2013-07-02 15:12:15.402 [info] <0.6.0> Application gen_server2 started on node nonode@nohost
2013-07-02 15:12:16.665 [info] <0.6.0> Application rabbit_farms started on node nonode@nohost
2013-07-02 15:12:16.776 [info]  
2013-07-02 15:12:16.778 [info]  FORMAT ERROR: [{'queue.declare_ok',<<"chat">>,12,0}] []
2013-07-02 15:12:16.783 [info]  FORMAT ERROR: [{'queue.bind_ok'}] []
2013-07-02 15:12:16.790 [info]  
2013-07-02 15:12:16.792 [info]  FORMAT ERROR: [{'queue.declare_ok',<<"chat">>,12,0}] []
2013-07-02 15:12:16.794 [info]  FORMAT ERROR: [{'queue.bind_ok'}] []
2013-07-02 15:12:16.807 [info]  
2013-07-02 15:12:16.810 [info]  FORMAT ERROR: [{'queue.declare_ok',<<"chat">>,12,0}] []
2013-07-02 15:12:16.813 [info]  FORMAT ERROR: [{'queue.bind_ok'}] []
2013-07-02 15:12:16.828 [info]  
2013-07-02 15:12:16.831 [info]  FORMAT ERROR: [{'queue.declare_ok',<<"chat">>,12,0}] []
2013-07-02 15:12:16.835 [info]  FORMAT ERROR: [{'queue.bind_ok'}] []
2013-07-02 15:12:16.842 [info]  
2013-07-02 15:12:16.844 [info]  FORMAT ERROR: [{'queue.declare_ok',<<"chat">>,12,0}] []
2013-07-02 15:12:16.852 [info]  FORMAT ERROR: [{'queue.bind_ok'}] []
2013-07-02 15:12:16.853 [info]  FORMAT ERROR: [{rabbit_farm,default,{amqp_params_network,<<"guest">>,<<"V2pOV2JHTXpVVDA9">>,<<"/">>,"192.168.3.202",5672,0,0,0,infinity,none,[#Fun<amqp_auth_mechanisms.plain.3>,#Fun<amqp_auth_mechanisms.amqplain.3>],[],[]},[{rabbit_feeder,5,5,<<>>,{'exchange.declare',0,<<"tracking.logs">>,<<"topic">>,false,false,false,false,false,[]},{'queue.declare',0,<<"chat">>,false,false,false,false,false,[]},{'queue.bind',0,<<"chat">>,<<"tracking.logs">>,<<"spark.chat">>,false,[]},<<>>,[]}],actived,<0.88.0>,[{1,<0.101.0>},{2,<0.105.0>},{3,<0.109.0>},{4,<0.113.0>},{5,<0.117.0>}]}] []
2013-07-02 15:12:39.029 [error] <0.88.0> gen_server <0.88.0> terminated with reason: no function clause matching amqp_network_connection:handle_message({'EXIT',<0.98.0>,killed}, {state,#Port<0.3601>,600,<0.94.0>,131072,undefined,false}) line 58
2013-07-02 15:12:39.031 [error] <0.88.0> CRASH REPORT Process <0.88.0> with 0 neighbours exited with reason: no function clause matching amqp_network_connection:handle_message({'EXIT',<0.98.0>,killed}, {state,#Port<0.3601>,600,<0.94.0>,131072,undefined,false}) line 58 in gen_server:terminate/6 line 747
2013-07-02 15:12:39.033 [info] <0.6.0> Application rabbit_farms exited with reason: stopped
2013-07-02 15:12:39.035 [error] <0.87.0> Supervisor {<0.87.0>,amqp_connection_sup} had child connection started with amqp_gen_connection:start_link(amqp_network_connection, {amqp_params_network,<<"guest">>,<<"guest">>,<<"/">>,"192.168.3.202",5672,0,0,0,infinity,none,[#Fun<..>,...],...}, #Fun<amqp_connection_sup.0.55585968>, #Fun<amqp_connection_sup.2.55585968>, []) at <0.88.0> exit with reason no function clause matching amqp_network_connection:handle_message({'EXIT',<0.98.0>,killed}, {state,#Port<0.3601>,600,<0.94.0>,131072,undefined,false}) line 58 in context child_terminated
2013-07-02 15:12:39.038 [error] <0.87.0> Supervisor {<0.87.0>,amqp_connection_sup} had child connection started with amqp_gen_connection:start_link(amqp_network_connection, {amqp_params_network,<<"guest">>,<<"guest">>,<<"/">>,"192.168.3.202",5672,0,0,0,infinity,none,[#Fun<..>,...],...}, #Fun<amqp_connection_sup.0.55585968>, #Fun<amqp_connection_sup.2.55585968>, []) at <0.88.0> exit with reason reached_max_restart_intensity in context shutdown
2013-07-02 15:23:55.992 [info] <0.6.0> Application rabbit_farms started on node nonode@nohost
2013-07-02 15:23:56.010 [info]  
2013-07-02 15:23:56.012 [info]  FORMAT ERROR: [{'queue.declare_ok',<<"chat">>,12,0}] []
2013-07-02 15:23:56.015 [info]  FORMAT ERROR: [{'queue.bind_ok'}] []
2013-07-02 15:23:56.024 [info]  
2013-07-02 15:23:56.026 [info]  FORMAT ERROR: [{'queue.declare_ok',<<"chat">>,12,0}] []
2013-07-02 15:23:56.029 [info]  FORMAT ERROR: [{'queue.bind_ok'}] []
2013-07-02 15:23:56.035 [info]  
2013-07-02 15:23:56.037 [info]  FORMAT ERROR: [{'queue.declare_ok',<<"chat">>,12,0}] []
2013-07-02 15:23:56.040 [info]  FORMAT ERROR: [{'queue.bind_ok'}] []
2013-07-02 15:23:56.049 [info]  
2013-07-02 15:23:56.050 [info]  FORMAT ERROR: [{'queue.declare_ok',<<"chat">>,12,0}] []
2013-07-02 15:23:56.053 [info]  FORMAT ERROR: [{'queue.bind_ok'}] []
2013-07-02 15:23:56.059 [info]  
2013-07-02 15:23:56.060 [info]  FORMAT ERROR: [{'queue.declare_ok',<<"chat">>,12,0}] []
2013-07-02 15:23:56.062 [info]  FORMAT ERROR: [{'queue.bind_ok'}] []
2013-07-02 15:23:56.063 [info]  FORMAT ERROR: [{rabbit_farm,default,{amqp_params_network,<<"guest">>,<<"V2pOV2JHTXpVVDA9">>,<<"/">>,"192.168.3.202",5672,0,0,0,infinity,none,[#Fun<amqp_auth_mechanisms.plain.3>,#Fun<amqp_auth_mechanisms.amqplain.3>],[],[]},[{rabbit_feeder,5,5,<<>>,{'exchange.declare',0,<<"tracking.logs">>,<<"topic">>,false,false,false,false,false,[]},{'queue.declare',0,<<"chat">>,false,false,false,false,false,[]},{'queue.bind',0,<<"chat">>,<<"tracking.logs">>,<<"spark.chat">>,false,[]},<<>>,[]}],actived,<0.132.0>,[{1,<0.143.0>},{2,<0.147.0>},{3,<0.151.0>},{4,<0.155.0>},{5,<0.159.0>}]}] []
2013-07-02 15:24:00.496 [error] <0.60.0> Lager event handler error_logger_lager_h exited with reason {'EXIT',{{badmatch,[rabbit_farms,{stop,normal},{state,initialized},{{badrecord,rabbit_farm},[{rabbit_farms,terminate,2,[{file,"src/rabbit_farms.erl"},{line,206}]},{gen_server2,terminate,3,[{file,"src/gen_server2.erl"},{line,1031}]},{proc_lib,init_p_do_apply,3,[{file,"proc_lib.erl"},{line,227}]}]},{{badrecord,rabbit_farm},[{rabbit_farms,terminate,2,[{file,"src/rabbit_farms.erl"},{line,206}]},{rabbit_farms,handle_call,3,[{file,"src/rabbit_farms.erl"},{line,107}]},{gen_server2,handle_msg,2,[{...},...]},...]}]},...}}
2013-07-02 15:46:36.257 [error] <0.60.0> Lager event handler error_logger_lager_h exited with reason {'EXIT',{{badmatch,[rabbit_farms,{stop,normal},{state,initialized},{{badrecord,rabbit_farm},[{rabbit_farms,terminate,2,[{file,"src/rabbit_farms.erl"},{line,206}]},{gen_server2,terminate,3,[{file,"src/gen_server2.erl"},{line,1031}]},{proc_lib,init_p_do_apply,3,[{file,"proc_lib.erl"},{line,227}]}]},{{badrecord,rabbit_farm},[{rabbit_farms,terminate,2,[{file,"src/rabbit_farms.erl"},{line,206}]},{rabbit_farms,handle_call,3,[{file,"src/rabbit_farms.erl"},{line,107}]},{gen_server2,handle_msg,2,[{...},...]},...]}]},...}}
2013-07-02 15:46:50.009 [error] <0.60.0> Lager event handler error_logger_lager_h exited with reason {'EXIT',{{badmatch,[rabbit_farms,{stop,normal},{state,initialized},{{badrecord,rabbit_farm},[{rabbit_farms,terminate,2,[{file,"src/rabbit_farms.erl"},{line,206}]},{gen_server2,terminate,3,[{file,"src/gen_server2.erl"},{line,1031}]},{proc_lib,init_p_do_apply,3,[{file,"proc_lib.erl"},{line,227}]}]},{{badrecord,rabbit_farm},[{rabbit_farms,terminate,2,[{file,"src/rabbit_farms.erl"},{line,206}]},{rabbit_farms,handle_call,3,[{file,"src/rabbit_farms.erl"},{line,107}]},{gen_server2,handle_msg,2,[{...},...]},...]}]},...}}
2013-07-02 15:47:03.336 [error] <0.132.0> gen_server <0.132.0> terminated with reason: no function clause matching amqp_network_connection:handle_message({'EXIT',<0.140.0>,killed}, {state,#Port<0.3815>,600,<0.136.0>,131072,undefined,false}) line 58
2013-07-02 15:47:03.337 [error] <0.132.0> CRASH REPORT Process <0.132.0> with 0 neighbours exited with reason: no function clause matching amqp_network_connection:handle_message({'EXIT',<0.140.0>,killed}, {state,#Port<0.3815>,600,<0.136.0>,131072,undefined,false}) line 58 in gen_server:terminate/6 line 747
2013-07-02 15:47:03.338 [info] <0.6.0> Application rabbit_farms exited with reason: stopped
2013-07-02 15:47:03.341 [error] <0.131.0> Supervisor {<0.131.0>,amqp_connection_sup} had child connection started with amqp_gen_connection:start_link(amqp_network_connection, {amqp_params_network,<<"guest">>,<<"guest">>,<<"/">>,"192.168.3.202",5672,0,0,0,infinity,none,[#Fun<..>,...],...}, #Fun<amqp_connection_sup.0.55585968>, #Fun<amqp_connection_sup.2.55585968>, []) at <0.132.0> exit with reason no function clause matching amqp_network_connection:handle_message({'EXIT',<0.140.0>,killed}, {state,#Port<0.3815>,600,<0.136.0>,131072,undefined,false}) line 58 in context child_terminated
2013-07-02 15:47:03.344 [error] <0.131.0> Supervisor {<0.131.0>,amqp_connection_sup} had child connection started with amqp_gen_connection:start_link(amqp_network_connection, {amqp_params_network,<<"guest">>,<<"guest">>,<<"/">>,"192.168.3.202",5672,0,0,0,infinity,none,[#Fun<..>,...],...}, #Fun<amqp_connection_sup.0.55585968>, #Fun<amqp_connection_sup.2.55585968>, []) at <0.132.0> exit with reason reached_max_restart_intensity in context shutdown
2013-07-02 15:47:28.678 [info] <0.6.0> Application rabbit_farms started on node nonode@nohost
2013-07-02 15:47:28.698 [info]  
2013-07-02 15:47:28.700 [info]  FORMAT ERROR: [{'queue.declare_ok',<<"chat">>,12,0}] []
2013-07-02 15:47:28.707 [info]  FORMAT ERROR: [{'queue.bind_ok'}] []
2013-07-02 15:47:28.713 [info]  
2013-07-02 15:47:28.715 [info]  FORMAT ERROR: [{'queue.declare_ok',<<"chat">>,12,0}] []
2013-07-02 15:47:28.717 [info]  FORMAT ERROR: [{'queue.bind_ok'}] []
2013-07-02 15:47:28.723 [info]  
2013-07-02 15:47:28.727 [info]  FORMAT ERROR: [{'queue.declare_ok',<<"chat">>,12,0}] []
2013-07-02 15:47:28.736 [info]  FORMAT ERROR: [{'queue.bind_ok'}] []
2013-07-02 15:47:28.743 [info]  
2013-07-02 15:47:28.747 [info]  FORMAT ERROR: [{'queue.declare_ok',<<"chat">>,12,0}] []
2013-07-02 15:47:28.751 [info]  FORMAT ERROR: [{'queue.bind_ok'}] []
2013-07-02 15:47:28.762 [info]  
2013-07-02 15:47:28.764 [info]  FORMAT ERROR: [{'queue.declare_ok',<<"chat">>,12,0}] []
2013-07-02 15:47:28.767 [info]  FORMAT ERROR: [{'queue.bind_ok'}] []
2013-07-02 15:47:28.768 [info]  FORMAT ERROR: [{rabbit_farm,default,{amqp_params_network,<<"guest">>,<<"V2pOV2JHTXpVVDA9">>,<<"/">>,"192.168.3.202",5672,0,0,0,infinity,none,[#Fun<amqp_auth_mechanisms.plain.3>,#Fun<amqp_auth_mechanisms.amqplain.3>],[],[]},[{rabbit_feeder,5,5,<<>>,{'exchange.declare',0,<<"tracking.logs">>,<<"topic">>,false,false,false,false,false,[]},{'queue.declare',0,<<"chat">>,false,false,false,false,false,[]},{'queue.bind',0,<<"chat">>,<<"tracking.logs">>,<<"spark.chat">>,false,[]},<<>>,[]}],actived,<0.188.0>,[{1,<0.199.0>},{2,<0.203.0>},{3,<0.207.0>},{4,<0.211.0>},{5,<0.215.0>}]}] []
2013-07-02 15:47:33.751 [error] <0.188.0> gen_server <0.188.0> terminated with reason: no function clause matching amqp_network_connection:handle_message({'EXIT',<0.196.0>,killed}, {state,#Port<0.3965>,600,<0.192.0>,131072,undefined,false}) line 58
2013-07-02 15:47:33.753 [error] <0.188.0> CRASH REPORT Process <0.188.0> with 0 neighbours exited with reason: no function clause matching amqp_network_connection:handle_message({'EXIT',<0.196.0>,killed}, {state,#Port<0.3965>,600,<0.192.0>,131072,undefined,false}) line 58 in gen_server:terminate/6 line 747
2013-07-02 15:47:33.753 [info] <0.6.0> Application rabbit_farms exited with reason: stopped
2013-07-02 15:47:33.756 [error] <0.187.0> Supervisor {<0.187.0>,amqp_connection_sup} had child connection started with amqp_gen_connection:start_link(amqp_network_connection, {amqp_params_network,<<"guest">>,<<"guest">>,<<"/">>,"192.168.3.202",5672,0,0,0,infinity,none,[#Fun<..>,...],...}, #Fun<amqp_connection_sup.0.55585968>, #Fun<amqp_connection_sup.2.55585968>, []) at <0.188.0> exit with reason no function clause matching amqp_network_connection:handle_message({'EXIT',<0.196.0>,killed}, {state,#Port<0.3965>,600,<0.192.0>,131072,undefined,false}) line 58 in context child_terminated
2013-07-02 15:47:33.759 [error] <0.187.0> Supervisor {<0.187.0>,amqp_connection_sup} had child connection started with amqp_gen_connection:start_link(amqp_network_connection, {amqp_params_network,<<"guest">>,<<"guest">>,<<"/">>,"192.168.3.202",5672,0,0,0,infinity,none,[#Fun<..>,...],...}, #Fun<amqp_connection_sup.0.55585968>, #Fun<amqp_connection_sup.2.55585968>, []) at <0.188.0> exit with reason reached_max_restart_intensity in context shutdown
